1. Aaron Smith, 2023.05.01 12:34
2. Abigail Johnson, 2023.05.01 05:26
3. Adam Brown, 2023.05.01 14:08
4. Addison Lee, 2023.05.01 22:15
5. Adele Cooper, 2023.05.01 17:42
6. Adrian Turner, 2023.05.01 01:54
7. Adriana Perez, 2023.05.01 11:37
8. Aiden Young, 2023.05.01 09:50
9. Alan Walker, 2023.05.01 20:07
10. Alana Murphy, 2023.05.01 06:29
11. Albert Collins, 2023.05.01 03:15
12. Alexa Rivera, 2023.05.01 23:41
13. Alexander Grant, 2023.05.01 02:53
14. Alexandra Mitchell, 2023.05.01 21:22
15. Alexis Simmons, 2023.05.01 10:39
16. Alice Hayes, 2023.05.01 04:08
17. Alicia Gray, 2023.05.01 15:34
18. Alisha Hughes, 2023.05.01 18:25
19. Alison Fisher, 2023.05.01 12:44
20. Allen Gordon, 2023.05.01 16:58
21. Allison Chapman, 2023.05.01 08:17
22. Amanda Armstrong, 2023.05.01 01:27
23. Amber Jenkins, 2023.05.01 19:48
24. Amelia Burton, 2023.05.01 07:59
25. Amelie Austin, 2023.05.01 13:51
26. Amy Butler, 2023.05.01 10:14
27. Ana Barrett, 2023.05.01 06:46
28. Andrew Little, 2023.05.01 18:29
29. Angela Woods, 2023.05.01 11:53
30. Angelica Dunn, 2023.05.01 15:20
31. Angelina Gomez, 2023.05.01 05:12
32. Anita Pierce, 2023.05.01 03:38
33. Annabelle Morales, 2023.05.01 09:22
34. Anne Peters, 2023.05.01 20:05
35. Adele Cooper, 2023.05.01 22:48
36. Anthony Vega, 2023.05.01 13:11
37. Antonio Rhodes, 2023.05.01 17:54
38. April Bailey, 2023.05.01 14:06
39. Arabella Stewart, 2023.05.01 08:43
40. Archer George, 2023.05.01 04:31